# JRE version: Java(TM) SE Runtime Environment (7.0_45-b18) (build 1.7.0_45-b18)
# Java VM: Java HotSpot(TM) 64-Bit Server VM (24.45-b08 mixed mode linux-amd64 compressed oops)
Heap
 PSYoungGen      total 146432K, used 5203K [0x00000000e1a80000, 0x00000000eeb00000, 0x0000000100000000)
  eden space 129024K, 2% used [0x00000000e1a80000,0x00000000e1d06448,0x00000000e9880000)
  from space 17408K, 15% used [0x00000000e9880000,0x00000000e9b0eab8,0x00000000ea980000)
  to   space 16384K, 0% used [0x00000000edb00000,0x00000000edb00000,0x00000000eeb00000)
 ParOldGen       total 61952K, used 35791K [0x00000000a5000000, 0x00000000a8c80000, 0x00000000e1a80000)
  object space 61952K, 57% used [0x00000000a5000000,0x00000000a72f3d80,0x00000000a8c80000)
 PSPermGen       total 21504K, used 19322K [0x000000009fe00000, 0x00000000a1300000, 0x00000000a5000000)
  object space 21504K, 89% used [0x000000009fe00000,0x00000000a10de888,0x00000000a1300000)
GC Heap History (10 events):
Event: 15,780 GC heap before
{Heap before GC invocations=13 (full 0):
 PSYoungGen      total 87552K, used 87418K [0x00000000e1a80000, 0x00000000eb480000, 0x0000000100000000)
  eden space 86016K, 100% used [0x00000000e1a80000,0x00000000e6e80000,0x00000000e6e80000)
  from space 1536K, 91% used [0x00000000eb300000,0x00000000eb45e958,0x00000000eb480000)
  to   space 20992K, 0% used [0x00000000e8b80000,0x00000000e8b80000,0x00000000ea000000)
 ParOldGen       total 61952K, used 35623K [0x00000000a5000000, 0x00000000a8c80000, 0x00000000e1a80000)
  object space 61952K, 57% used [0x00000000a5000000,0x00000000a72c9d80,0x00000000a8c80000)
 PSPermGen       total 21504K, used 18707K [0x000000009fe00000, 0x00000000a1300000, 0x00000000a5000000)
  object space 21504K, 86% used [0x000000009fe00000,0x00000000a1044f90,0x00000000a1300000)
Event: 15,786 GC heap after
Heap after GC invocations=13 (full 0):
 PSYoungGen      total 103936K, used 1741K [0x00000000e1a80000, 0x00000000eb380000, 0x0000000100000000)
  eden space 82944K, 0% used [0x00000000e1a80000,0x00000000e1a80000,0x00000000e6b80000)
  from space 20992K, 8% used [0x00000000e8b80000,0x00000000e8d33670,0x00000000ea000000)
  to   space 19968K, 0% used [0x00000000ea000000,0x00000000ea000000,0x00000000eb380000)
 ParOldGen       total 61952K, used 35639K [0x00000000a5000000, 0x00000000a8c80000, 0x00000000e1a80000)
  object space 61952K, 57% used [0x00000000a5000000,0x00000000a72cdd80,0x00000000a8c80000)
 PSPermGen       total 21504K, used 18707K [0x000000009fe00000, 0x00000000a1300000, 0x00000000a5000000)
  object space 21504K, 86% used [0x000000009fe00000,0x00000000a1044f90,0x00000000a1300000)
}
Event: 16,247 GC heap before
{Heap before GC invocations=14 (full 0):
 PSYoungGen      total 103936K, used 84685K [0x00000000e1a80000, 0x00000000eb380000, 0x0000000100000000)
  eden space 82944K, 100% used [0x00000000e1a80000,0x00000000e6b80000,0x00000000e6b80000)
  from space 20992K, 8% used [0x00000000e8b80000,0x00000000e8d33670,0x00000000ea000000)
  to   space 19968K, 0% used [0x00000000ea000000,0x00000000ea000000,0x00000000eb380000)
 ParOldGen       total 61952K, used 35639K [0x00000000a5000000, 0x00000000a8c80000, 0x00000000e1a80000)
  object space 61952K, 57% used [0x00000000a5000000,0x00000000a72cdd80,0x00000000a8c80000)
 PSPermGen       total 21504K, used 18710K [0x000000009fe00000, 0x00000000a1300000, 0x00000000a5000000)
  object space 21504K, 87% used [0x000000009fe00000,0x00000000a1045930,0x00000000a1300000)
Event: 16,252 GC heap after
Heap after GC invocations=14 (full 0):
 PSYoungGen      total 81920K, used 1862K [0x00000000e1a80000, 0x00000000ea200000, 0x0000000100000000)
  eden space 79872K, 0% used [0x00000000e1a80000,0x00000000e1a80000,0x00000000e6880000)
  from space 2048K, 90% used [0x00000000ea000000,0x00000000ea1d1b30,0x00000000ea200000)
  to   space 18944K, 0% used [0x00000000e7d00000,0x00000000e7d00000,0x00000000e8f80000)
 ParOldGen       total 61952K, used 35655K [0x00000000a5000000, 0x00000000a8c80000, 0x00000000e1a80000)
  object space 61952K, 57% used [0x00000000a5000000,0x00000000a72d1d80,0x00000000a8c80000)
 PSPermGen       total 21504K, used 18710K [0x000000009fe00000, 0x00000000a1300000, 0x00000000a5000000)
  object space 21504K, 87% used [0x000000009fe00000,0x00000000a1045930,0x00000000a1300000)
}
Event: 16,669 GC heap before
{Heap before GC invocations=15 (full 0):
 PSYoungGen      total 81920K, used 81734K [0x00000000e1a80000, 0x00000000ea200000, 0x0000000100000000)
  eden space 79872K, 100% used [0x00000000e1a80000,0x00000000e6880000,0x00000000e6880000)
  from space 2048K, 90% used [0x00000000ea000000,0x00000000ea1d1b30,0x00000000ea200000)
  to   space 18944K, 0% used [0x00000000e7d00000,0x00000000e7d00000,0x00000000e8f80000)
 ParOldGen       total 61952K, used 35655K [0x00000000a5000000, 0x00000000a8c80000, 0x00000000e1a80000)
  object space 61952K, 57% used [0x00000000a5000000,0x00000000a72d1d80,0x00000000a8c80000)
 PSPermGen       total 21504K, used 19308K [0x000000009fe00000, 0x00000000a1300000, 0x00000000a5000000)
  object space 21504K, 89% used [0x000000009fe00000,0x00000000a10db2a0,0x00000000a1300000)
Event: 16,677 GC heap after
Heap after GC invocations=15 (full 0):
 PSYoungGen      total 119808K, used 2101K [0x00000000e1a80000, 0x00000000ebb80000, 0x0000000100000000)
  eden space 100864K, 0% used [0x00000000e1a80000,0x00000000e1a80000,0x00000000e7d00000)
  from space 18944K, 11% used [0x00000000e7d00000,0x00000000e7f0d718,0x00000000e8f80000)
  to   space 18432K, 0% used [0x00000000ea980000,0x00000000ea980000,0x00000000ebb80000)
 ParOldGen       total 61952K, used 35671K [0x00000000a5000000, 0x00000000a8c80000, 0x00000000e1a80000)
  object space 61952K, 57% used [0x00000000a5000000,0x00000000a72d5d80,0x00000000a8c80000)
 PSPermGen       total 21504K, used 19308K [0x000000009fe00000, 0x00000000a1300000, 0x00000000a5000000)
  object space 21504K, 89% used [0x000000009fe00000,0x00000000a10db2a0,0x00000000a1300000)
}
Event: 17,123 GC heap before
{Heap before GC invocations=16 (full 0):
 PSYoungGen      total 119808K, used 102965K [0x00000000e1a80000, 0x00000000ebb80000, 0x0000000100000000)
  eden space 100864K, 100% used [0x00000000e1a80000,0x00000000e7d00000,0x00000000e7d00000)
  from space 18944K, 11% used [0x00000000e7d00000,0x00000000e7f0d718,0x00000000e8f80000)
  to   space 18432K, 0% used [0x00000000ea980000,0x00000000ea980000,0x00000000ebb80000)
 ParOldGen       total 61952K, used 35671K [0x00000000a5000000, 0x00000000a8c80000, 0x00000000e1a80000)
  object space 61952K, 57% used [0x00000000a5000000,0x00000000a72d5d80,0x00000000a8c80000)
 PSPermGen       total 21504K, used 19320K [0x000000009fe00000, 0x00000000a1300000, 0x00000000a5000000)
  object space 21504K, 89% used [0x000000009fe00000,0x00000000a10de198,0x00000000a1300000)
Event: 17,131 GC heap after
Heap after GC invocations=16 (full 0):
 PSYoungGen      total 147456K, used 1488K [0x00000000e1a80000, 0x00000000eda80000, 0x0000000100000000)
  eden space 129024K, 0% used [0x00000000e1a80000,0x00000000e1a80000,0x00000000e9880000)
  from space 18432K, 8% used [0x00000000ea980000,0x00000000eaaf4030,0x00000000ebb80000)
  to   space 17408K, 0% used [0x00000000e9880000,0x00000000e9880000,0x00000000ea980000)
 ParOldGen       total 61952K, used 35759K [0x00000000a5000000, 0x00000000a8c80000, 0x00000000e1a80000)
  object space 61952K, 57% used [0x00000000a5000000,0x00000000a72ebd80,0x00000000a8c80000)
 PSPermGen       total 21504K, used 19320K [0x000000009fe00000, 0x00000000a1300000, 0x00000000a5000000)
  object space 21504K, 89% used [0x000000009fe00000,0x00000000a10de198,0x00000000a1300000)
}
Event: 17,703 GC heap before
{Heap before GC invocations=17 (full 0):
 PSYoungGen      total 147456K, used 130512K [0x00000000e1a80000, 0x00000000eda80000, 0x0000000100000000)
  eden space 129024K, 100% used [0x00000000e1a80000,0x00000000e9880000,0x00000000e9880000)
  from space 18432K, 8% used [0x00000000ea980000,0x00000000eaaf4030,0x00000000ebb80000)
  to   space 17408K, 0% used [0x00000000e9880000,0x00000000e9880000,0x00000000ea980000)
 ParOldGen       total 61952K, used 35759K [0x00000000a5000000, 0x00000000a8c80000, 0x00000000e1a80000)
  object space 61952K, 57% used [0x00000000a5000000,0x00000000a72ebd80,0x00000000a8c80000)
 PSPermGen       total 21504K, used 19322K [0x000000009fe00000, 0x00000000a1300000, 0x00000000a5000000)
  object space 21504K, 89% used [0x000000009fe00000,0x00000000a10de888,0x00000000a1300000)
Event: 17,713 GC heap after
Heap after GC invocations=17 (full 0):
 PSYoungGen      total 146432K, used 2618K [0x00000000e1a80000, 0x00000000eeb00000, 0x0000000100000000)
  eden space 129024K, 0% used [0x00000000e1a80000,0x00000000e1a80000,0x00000000e9880000)
  from space 17408K, 15% used [0x00000000e9880000,0x00000000e9b0eab8,0x00000000ea980000)
  to   space 16384K, 0% used [0x00000000edb00000,0x00000000edb00000,0x00000000eeb00000)
 ParOldGen       total 61952K, used 35791K [0x00000000a5000000, 0x00000000a8c80000, 0x00000000e1a80000)
  object space 61952K, 57% used [0x00000000a5000000,0x00000000a72f3d80,0x00000000a8c80000)
 PSPermGen       total 21504K, used 19322K [0x000000009fe00000, 0x00000000a1300000, 0x00000000a5000000)
  object space 21504K, 89% used [0x000000009fe00000,0x00000000a10de888,0x00000000a1300000)
}

