# JRE version: Java(TM) SE Runtime Environment (7.0_45-b18) (build 1.7.0_45-b18)
# Java VM: Java HotSpot(TM) 64-Bit Server VM (24.45-b08 mixed mode linux-amd64 compressed oops)
Heap
 PSYoungGen      total 482304K, used 336126K [0x00000000e1a80000, 0x00000000ffe80000, 0x0000000100000000)
  eden space 471040K, 70% used [0x00000000e1a80000,0x00000000f5db0098,0x00000000fe680000)
  from space 11264K, 46% used [0x00000000ff380000,0x00000000ff88fa78,0x00000000ffe80000)
  to   space 12288K, 0% used [0x00000000fe680000,0x00000000fe680000,0x00000000ff280000)
 ParOldGen       total 94208K, used 21030K [0x00000000a5000000, 0x00000000aac00000, 0x00000000e1a80000)
  object space 94208K, 22% used [0x00000000a5000000,0x00000000a6489b98,0x00000000aac00000)
 PSPermGen       total 36864K, used 18802K [0x000000009fe00000, 0x00000000a2200000, 0x00000000a5000000)
  object space 36864K, 51% used [0x000000009fe00000,0x00000000a105c9c0,0x00000000a2200000)
GC Heap History (10 events):
Event: 19,747 GC heap before
{Heap before GC invocations=21 (full 1):
 PSYoungGen      total 288256K, used 275427K [0x00000000e1a80000, 0x00000000f8480000, 0x0000000100000000)
  eden space 270848K, 100% used [0x00000000e1a80000,0x00000000f2300000,0x00000000f2300000)
  from space 17408K, 26% used [0x00000000f2300000,0x00000000f2778cf0,0x00000000f3400000)
  to   space 16384K, 0% used [0x00000000f7480000,0x00000000f7480000,0x00000000f8480000)
 ParOldGen       total 94208K, used 20926K [0x00000000a5000000, 0x00000000aac00000, 0x00000000e1a80000)
  object space 94208K, 22% used [0x00000000a5000000,0x00000000a646fb98,0x00000000aac00000)
 PSPermGen       total 36864K, used 18759K [0x000000009fe00000, 0x00000000a2200000, 0x00000000a5000000)
  object space 36864K, 50% used [0x000000009fe00000,0x00000000a1051f70,0x00000000a2200000)
Event: 19,757 GC heap after
Heap after GC invocations=21 (full 1):
 PSYoungGen      total 352256K, used 3764K [0x00000000e1a80000, 0x00000000f8200000, 0x0000000100000000)
  eden space 338432K, 0% used [0x00000000e1a80000,0x00000000e1a80000,0x00000000f6500000)
  from space 13824K, 27% used [0x00000000f7480000,0x00000000f782d248,0x00000000f8200000)
  to   space 14848K, 0% used [0x00000000f6500000,0x00000000f6500000,0x00000000f7380000)
 ParOldGen       total 94208K, used 20942K [0x00000000a5000000, 0x00000000aac00000, 0x00000000e1a80000)
  object space 94208K, 22% used [0x00000000a5000000,0x00000000a6473b98,0x00000000aac00000)
 PSPermGen       total 36864K, used 18759K [0x000000009fe00000, 0x00000000a2200000, 0x00000000a5000000)
  object space 36864K, 50% used [0x000000009fe00000,0x00000000a1051f70,0x00000000a2200000)
}
Event: 20,767 GC heap before
{Heap before GC invocations=22 (full 1):
 PSYoungGen      total 352256K, used 342196K [0x00000000e1a80000, 0x00000000f8200000, 0x0000000100000000)
  eden space 338432K, 100% used [0x00000000e1a80000,0x00000000f6500000,0x00000000f6500000)
  from space 13824K, 27% used [0x00000000f7480000,0x00000000f782d248,0x00000000f8200000)
  to   space 14848K, 0% used [0x00000000f6500000,0x00000000f6500000,0x00000000f7380000)
 ParOldGen       total 94208K, used 20942K [0x00000000a5000000, 0x00000000aac00000, 0x00000000e1a80000)
  object space 94208K, 22% used [0x00000000a5000000,0x00000000a6473b98,0x00000000aac00000)
 PSPermGen       total 36864K, used 18763K [0x000000009fe00000, 0x00000000a2200000, 0x00000000a5000000)
  object space 36864K, 50% used [0x000000009fe00000,0x00000000a1052d88,0x00000000a2200000)
Event: 20,774 GC heap after
Heap after GC invocations=22 (full 1):
 PSYoungGen      total 353280K, used 3336K [0x00000000e1a80000, 0x00000000fd000000, 0x0000000100000000)
  eden space 338432K, 0% used [0x00000000e1a80000,0x00000000e1a80000,0x00000000f6500000)
  from space 14848K, 22% used [0x00000000f6500000,0x00000000f6842130,0x00000000f7380000)
  to   space 14336K, 0% used [0x00000000fc200000,0x00000000fc200000,0x00000000fd000000)
 ParOldGen       total 94208K, used 20958K [0x00000000a5000000, 0x00000000aac00000, 0x00000000e1a80000)
  object space 94208K, 22% used [0x00000000a5000000,0x00000000a6477b98,0x00000000aac00000)
 PSPermGen       total 36864K, used 18763K [0x000000009fe00000, 0x00000000a2200000, 0x00000000a5000000)
  object space 36864K, 50% used [0x000000009fe00000,0x00000000a1052d88,0x00000000a2200000)
}
Event: 21,681 GC heap before
{Heap before GC invocations=23 (full 1):
 PSYoungGen      total 353280K, used 341768K [0x00000000e1a80000, 0x00000000fd000000, 0x0000000100000000)
  eden space 338432K, 100% used [0x00000000e1a80000,0x00000000f6500000,0x00000000f6500000)
  from space 14848K, 22% used [0x00000000f6500000,0x00000000f6842130,0x00000000f7380000)
  to   space 14336K, 0% used [0x00000000fc200000,0x00000000fc200000,0x00000000fd000000)
 ParOldGen       total 94208K, used 20958K [0x00000000a5000000, 0x00000000aac00000, 0x00000000e1a80000)
  object space 94208K, 22% used [0x00000000a5000000,0x00000000a6477b98,0x00000000aac00000)
 PSPermGen       total 36864K, used 18771K [0x000000009fe00000, 0x00000000a2200000, 0x00000000a5000000)
  object space 36864K, 50% used [0x000000009fe00000,0x00000000a1054da0,0x00000000a2200000)
Event: 21,690 GC heap after
Heap after GC invocations=23 (full 1):
 PSYoungGen      total 431616K, used 2720K [0x00000000e1a80000, 0x00000000fce00000, 0x0000000100000000)
  eden space 419328K, 0% used [0x00000000e1a80000,0x00000000e1a80000,0x00000000fb400000)
  from space 12288K, 22% used [0x00000000fc200000,0x00000000fc4a8040,0x00000000fce00000)
  to   space 13312K, 0% used [0x00000000fb400000,0x00000000fb400000,0x00000000fc100000)
 ParOldGen       total 94208K, used 20974K [0x00000000a5000000, 0x00000000aac00000, 0x00000000e1a80000)
  object space 94208K, 22% used [0x00000000a5000000,0x00000000a647bb98,0x00000000aac00000)
 PSPermGen       total 36864K, used 18771K [0x000000009fe00000, 0x00000000a2200000, 0x00000000a5000000)
  object space 36864K, 50% used [0x000000009fe00000,0x00000000a1054da0,0x00000000a2200000)
}
Event: 22,810 GC heap before
{Heap before GC invocations=24 (full 1):
 PSYoungGen      total 431616K, used 422048K [0x00000000e1a80000, 0x00000000fce00000, 0x0000000100000000)
  eden space 419328K, 100% used [0x00000000e1a80000,0x00000000fb400000,0x00000000fb400000)
  from space 12288K, 22% used [0x00000000fc200000,0x00000000fc4a8040,0x00000000fce00000)
  to   space 13312K, 0% used [0x00000000fb400000,0x00000000fb400000,0x00000000fc100000)
 ParOldGen       total 94208K, used 20974K [0x00000000a5000000, 0x00000000aac00000, 0x00000000e1a80000)
  object space 94208K, 22% used [0x00000000a5000000,0x00000000a647bb98,0x00000000aac00000)
 PSPermGen       total 36864K, used 18790K [0x000000009fe00000, 0x00000000a2200000, 0x00000000a5000000)
  object space 36864K, 50% used [0x000000009fe00000,0x00000000a1059a68,0x00000000a2200000)
Event: 22,819 GC heap after
Heap after GC invocations=24 (full 1):
 PSYoungGen      total 432640K, used 5271K [0x00000000e1a80000, 0x0000000100000000, 0x0000000100000000)
  eden space 419328K, 0% used [0x00000000e1a80000,0x00000000e1a80000,0x00000000fb400000)
  from space 13312K, 39% used [0x00000000fb400000,0x00000000fb925d08,0x00000000fc100000)
  to   space 12800K, 0% used [0x00000000ff380000,0x00000000ff380000,0x0000000100000000)
 ParOldGen       total 94208K, used 21006K [0x00000000a5000000, 0x00000000aac00000, 0x00000000e1a80000)
  object space 94208K, 22% used [0x00000000a5000000,0x00000000a6483b98,0x00000000aac00000)
 PSPermGen       total 36864K, used 18790K [0x000000009fe00000, 0x00000000a2200000, 0x00000000a5000000)
  object space 36864K, 50% used [0x000000009fe00000,0x00000000a1059a68,0x00000000a2200000)
}
Event: 23,905 GC heap before
{Heap before GC invocations=25 (full 1):
 PSYoungGen      total 432640K, used 424599K [0x00000000e1a80000, 0x0000000100000000, 0x0000000100000000)
  eden space 419328K, 100% used [0x00000000e1a80000,0x00000000fb400000,0x00000000fb400000)
  from space 13312K, 39% used [0x00000000fb400000,0x00000000fb925d08,0x00000000fc100000)
  to   space 12800K, 0% used [0x00000000ff380000,0x00000000ff380000,0x0000000100000000)
 ParOldGen       total 94208K, used 21006K [0x00000000a5000000, 0x00000000aac00000, 0x00000000e1a80000)
  object space 94208K, 22% used [0x00000000a5000000,0x00000000a6483b98,0x00000000aac00000)
 PSPermGen       total 36864K, used 18796K [0x000000009fe00000, 0x00000000a2200000, 0x00000000a5000000)
  object space 36864K, 50% used [0x000000009fe00000,0x00000000a105b178,0x00000000a2200000)
Event: 23,920 GC heap after
Heap after GC invocations=25 (full 1):
 PSYoungGen      total 482304K, used 5182K [0x00000000e1a80000, 0x00000000ffe80000, 0x0000000100000000)
  eden space 471040K, 0% used [0x00000000e1a80000,0x00000000e1a80000,0x00000000fe680000)
  from space 11264K, 46% used [0x00000000ff380000,0x00000000ff88fa78,0x00000000ffe80000)
  to   space 12288K, 0% used [0x00000000fe680000,0x00000000fe680000,0x00000000ff280000)
 ParOldGen       total 94208K, used 21030K [0x00000000a5000000, 0x00000000aac00000, 0x00000000e1a80000)
  object space 94208K, 22% used [0x00000000a5000000,0x00000000a6489b98,0x00000000aac00000)
 PSPermGen       total 36864K, used 18796K [0x000000009fe00000, 0x00000000a2200000, 0x00000000a5000000)
  object space 36864K, 50% used [0x000000009fe00000,0x00000000a105b178,0x00000000a2200000)
}

